# JRE version: Java(TM) SE Runtime Environment (17.0.11+7) (build 17.0.11+7-LTS-207)
# Java VM: Java HotSpot(TM) 64-Bit Server VM (17.0.11+7-LTS-207, mixed mode, sharing, tiered, compressed oops, compressed class ptrs, g1 gc, windows-amd64)
GC Precious Log:
 CPUs: 8 total, 8 available
 Memory: 7886M
 Large Page Support: Disabled
 NUMA Support: Disabled
 Compressed Oops: Enabled (32-bit)
 Heap Region Size: 1M
 Heap Min Capacity: 8M
 Heap Initial Capacity: 124M
 Heap Max Capacity: 2G
 Pre-touch: Disabled
 Parallel Workers: 8
 Concurrent Workers: 2
 Concurrent Refinement Workers: 8
 Periodic GC: Disabled
Heap:
 garbage-first heap   total 150528K, used 98267K [0x0000000080000000, 0x0000000100000000)
  region size 1024K, 20 young (20480K), 5 survivors (5120K)
 Metaspace       used 77000K, committed 78016K, reserved 557056K
  class space    used 10851K, committed 11328K, reserved 425984K
GC Heap History (20 events):
Event: 15.787 GC heap before
{Heap before GC invocations=26 (full 0):
 garbage-first heap   total 114688K, used 89747K [0x0000000080000000, 0x0000000100000000)
  region size 1024K, 26 young (26624K), 3 survivors (3072K)
 Metaspace       used 62568K, committed 63296K, reserved 491520K
  class space    used 8853K, committed 9216K, reserved 425984K
}
Event: 15.791 GC heap after
{Heap after GC invocations=27 (full 0):
 garbage-first heap   total 114688K, used 68502K [0x0000000080000000, 0x0000000100000000)
  region size 1024K, 4 young (4096K), 4 survivors (4096K)
 Metaspace       used 62568K, committed 63296K, reserved 491520K
  class space    used 8853K, committed 9216K, reserved 425984K
}
Event: 16.189 GC heap before
{Heap before GC invocations=27 (full 0):
 garbage-first heap   total 114688K, used 92054K [0x0000000080000000, 0x0000000100000000)
  region size 1024K, 27 young (27648K), 4 survivors (4096K)
 Metaspace       used 63871K, committed 64640K, reserved 491520K
  class space    used 9033K, committed 9408K, reserved 425984K
}
Event: 16.193 GC heap after
{Heap after GC invocations=28 (full 0):
 garbage-first heap   total 114688K, used 70175K [0x0000000080000000, 0x0000000100000000)
  region size 1024K, 4 young (4096K), 4 survivors (4096K)
 Metaspace       used 63871K, committed 64640K, reserved 491520K
  class space    used 9033K, committed 9408K, reserved 425984K
}
Event: 16.614 GC heap before
{Heap before GC invocations=29 (full 0):
 garbage-first heap   total 124928K, used 93727K [0x0000000080000000, 0x0000000100000000)
  region size 1024K, 27 young (27648K), 4 survivors (4096K)
 Metaspace       used 65144K, committed 65920K, reserved 491520K
  class space    used 9202K, committed 9536K, reserved 425984K
}
Event: 16.617 GC heap after
{Heap after GC invocations=30 (full 0):
 garbage-first heap   total 124928K, used 70418K [0x0000000080000000, 0x0000000100000000)
  region size 1024K, 3 young (3072K), 3 survivors (3072K)
 Metaspace       used 65144K, committed 65920K, reserved 491520K
  class space    used 9202K, committed 9536K, reserved 425984K
}
Event: 17.252 GC heap before
{Heap before GC invocations=30 (full 0):
 garbage-first heap   total 124928K, used 99090K [0x0000000080000000, 0x0000000100000000)
  region size 1024K, 32 young (32768K), 3 survivors (3072K)
 Metaspace       used 66381K, committed 67200K, reserved 491520K
  class space    used 9377K, committed 9728K, reserved 425984K
}
Event: 17.260 GC heap after
{Heap after GC invocations=31 (full 0):
 garbage-first heap   total 150528K, used 73085K [0x0000000080000000, 0x0000000100000000)
  region size 1024K, 4 young (4096K), 4 survivors (4096K)
 Metaspace       used 66381K, committed 67200K, reserved 491520K
  class space    used 9377K, committed 9728K, reserved 425984K
}
Event: 18.449 GC heap before
{Heap before GC invocations=32 (full 0):
 garbage-first heap   total 150528K, used 116093K [0x0000000080000000, 0x0000000100000000)
  region size 1024K, 46 young (47104K), 4 survivors (4096K)
 Metaspace       used 68212K, committed 69056K, reserved 491520K
  class space    used 9647K, committed 10048K, reserved 425984K
}
Event: 18.456 GC heap after
{Heap after GC invocations=33 (full 0):
 garbage-first heap   total 150528K, used 76462K [0x0000000080000000, 0x0000000100000000)
  region size 1024K, 6 young (6144K), 6 survivors (6144K)
 Metaspace       used 68212K, committed 69056K, reserved 491520K
  class space    used 9647K, committed 10048K, reserved 425984K
}
Event: 18.492 GC heap before
{Heap before GC invocations=33 (full 0):
 garbage-first heap   total 150528K, used 77486K [0x0000000080000000, 0x0000000100000000)
  region size 1024K, 7 young (7168K), 6 survivors (6144K)
 Metaspace       used 68315K, committed 69184K, reserved 491520K
  class space    used 9665K, committed 10048K, reserved 425984K
}
Event: 18.497 GC heap after
{Heap after GC invocations=34 (full 0):
 garbage-first heap   total 150528K, used 76480K [0x0000000080000000, 0x0000000100000000)
  region size 1024K, 1 young (1024K), 1 survivors (1024K)
 Metaspace       used 68315K, committed 69184K, reserved 491520K
  class space    used 9665K, committed 10048K, reserved 425984K
}
Event: 19.888 GC heap before
{Heap before GC invocations=34 (full 0):
 garbage-first heap   total 150528K, used 117440K [0x0000000080000000, 0x0000000100000000)
  region size 1024K, 42 young (43008K), 1 survivors (1024K)
 Metaspace       used 71634K, committed 72512K, reserved 491520K
  class space    used 10196K, committed 10624K, reserved 425984K
}
Event: 19.894 GC heap after
{Heap after GC invocations=35 (full 0):
 garbage-first heap   total 150528K, used 78681K [0x0000000080000000, 0x0000000100000000)
  region size 1024K, 4 young (4096K), 4 survivors (4096K)
 Metaspace       used 71634K, committed 72512K, reserved 491520K
  class space    used 10196K, committed 10624K, reserved 425984K
}
Event: 21.800 GC heap before
{Heap before GC invocations=36 (full 0):
 garbage-first heap   total 150528K, used 118617K [0x0000000080000000, 0x0000000100000000)
  region size 1024K, 44 young (45056K), 4 survivors (4096K)
 Metaspace       used 74901K, committed 75840K, reserved 491520K
  class space    used 10614K, committed 11072K, reserved 425984K
}
Event: 21.806 GC heap after
{Heap after GC invocations=37 (full 0):
 garbage-first heap   total 150528K, used 81027K [0x0000000080000000, 0x0000000100000000)
  region size 1024K, 6 young (6144K), 6 survivors (6144K)
 Metaspace       used 74901K, committed 75840K, reserved 491520K
  class space    used 10614K, committed 11072K, reserved 425984K
}
Event: 21.815 GC heap before
{Heap before GC invocations=37 (full 0):
 garbage-first heap   total 150528K, used 82051K [0x0000000080000000, 0x0000000100000000)
  region size 1024K, 7 young (7168K), 6 survivors (6144K)
 Metaspace       used 74938K, committed 75840K, reserved 491520K
  class space    used 10614K, committed 11072K, reserved 425984K
}
Event: 21.821 GC heap after
{Heap after GC invocations=38 (full 0):
 garbage-first heap   total 150528K, used 80086K [0x0000000080000000, 0x0000000100000000)
  region size 1024K, 1 young (1024K), 1 survivors (1024K)
 Metaspace       used 74938K, committed 75840K, reserved 491520K
  class space    used 10614K, committed 11072K, reserved 425984K
}
Event: 23.564 GC heap before
{Heap before GC invocations=38 (full 0):
 garbage-first heap   total 150528K, used 120022K [0x0000000080000000, 0x0000000100000000)
  region size 1024K, 41 young (41984K), 1 survivors (1024K)
 Metaspace       used 76516K, committed 77504K, reserved 557056K
  class space    used 10827K, committed 11328K, reserved 425984K
}
Event: 23.570 GC heap after
{Heap after GC invocations=39 (full 0):
 garbage-first heap   total 150528K, used 83931K [0x0000000080000000, 0x0000000100000000)
  region size 1024K, 5 young (5120K), 5 survivors (5120K)
 Metaspace       used 76516K, committed 77504K, reserved 557056K
  class space    used 10827K, committed 11328K, reserved 425984K
}

