# JRE version: Java(TM) SE Runtime Environment (17.0.11+7) (build 17.0.11+7-LTS-207)
# Java VM: Java HotSpot(TM) 64-Bit Server VM (17.0.11+7-LTS-207, mixed mode, sharing, tiered, compressed oops, compressed class ptrs, g1 gc, windows-amd64)
GC Precious Log:
 CPUs: 8 total, 8 available
 Memory: 7886M
 Large Page Support: Disabled
 NUMA Support: Disabled
 Compressed Oops: Enabled (32-bit)
 Heap Region Size: 1M
 Heap Min Capacity: 8M
 Heap Initial Capacity: 124M
 Heap Max Capacity: 2G
 Pre-touch: Disabled
 Parallel Workers: 8
 Concurrent Workers: 2
 Concurrent Refinement Workers: 8
 Periodic GC: Disabled
Heap:
 garbage-first heap   total 116736K, used 86417K [0x0000000080000000, 0x0000000100000000)
  region size 1024K, 23 young (23552K), 2 survivors (2048K)
 Metaspace       used 62683K, committed 63360K, reserved 491520K
  class space    used 8888K, committed 9216K, reserved 425984K
GC Heap History (20 events):
Event: 17.871 GC heap before
{Heap before GC invocations=13 (full 0):
 garbage-first heap   total 92160K, used 74424K [0x0000000080000000, 0x0000000100000000)
  region size 1024K, 37 young (37888K), 4 survivors (4096K)
 Metaspace       used 48098K, committed 48640K, reserved 491520K
  class space    used 6737K, committed 6976K, reserved 425984K
}
Event: 17.875 GC heap after
{Heap after GC invocations=14 (full 0):
 garbage-first heap   total 92160K, used 40916K [0x0000000080000000, 0x0000000100000000)
  region size 1024K, 4 young (4096K), 4 survivors (4096K)
 Metaspace       used 48098K, committed 48640K, reserved 491520K
  class space    used 6737K, committed 6976K, reserved 425984K
}
Event: 18.924 GC heap before
{Heap before GC invocations=14 (full 0):
 garbage-first heap   total 92160K, used 73684K [0x0000000080000000, 0x0000000100000000)
  region size 1024K, 36 young (36864K), 4 survivors (4096K)
 Metaspace       used 51528K, committed 52160K, reserved 491520K
  class space    used 7291K, committed 7616K, reserved 425984K
}
Event: 18.932 GC heap after
{Heap after GC invocations=15 (full 0):
 garbage-first heap   total 92160K, used 43076K [0x0000000080000000, 0x0000000100000000)
  region size 1024K, 4 young (4096K), 4 survivors (4096K)
 Metaspace       used 51528K, committed 52160K, reserved 491520K
  class space    used 7291K, committed 7616K, reserved 425984K
}
Event: 20.306 GC heap before
{Heap before GC invocations=15 (full 0):
 garbage-first heap   total 92160K, used 72772K [0x0000000080000000, 0x0000000100000000)
  region size 1024K, 34 young (34816K), 4 survivors (4096K)
 Metaspace       used 53166K, committed 53824K, reserved 491520K
  class space    used 7507K, committed 7808K, reserved 425984K
}
Event: 20.315 GC heap after
{Heap after GC invocations=16 (full 0):
 garbage-first heap   total 92160K, used 46379K [0x0000000080000000, 0x0000000100000000)
  region size 1024K, 5 young (5120K), 5 survivors (5120K)
 Metaspace       used 53166K, committed 53824K, reserved 491520K
  class space    used 7507K, committed 7808K, reserved 425984K
}
Event: 21.357 GC heap before
{Heap before GC invocations=16 (full 0):
 garbage-first heap   total 92160K, used 73003K [0x0000000080000000, 0x0000000100000000)
  region size 1024K, 32 young (32768K), 5 survivors (5120K)
 Metaspace       used 55082K, committed 55616K, reserved 491520K
  class space    used 7805K, committed 8064K, reserved 425984K
}
Event: 21.365 GC heap after
{Heap after GC invocations=17 (full 0):
 garbage-first heap   total 92160K, used 48431K [0x0000000080000000, 0x0000000100000000)
  region size 1024K, 3 young (3072K), 3 survivors (3072K)
 Metaspace       used 55082K, committed 55616K, reserved 491520K
  class space    used 7805K, committed 8064K, reserved 425984K
}
Event: 22.211 GC heap before
{Heap before GC invocations=18 (full 0):
 garbage-first heap   total 92160K, used 78127K [0x0000000080000000, 0x0000000100000000)
  region size 1024K, 28 young (28672K), 3 survivors (3072K)
 Metaspace       used 56602K, committed 57280K, reserved 491520K
  class space    used 8086K, committed 8384K, reserved 425984K
}
Event: 22.216 GC heap after
{Heap after GC invocations=19 (full 0):
 garbage-first heap   total 92160K, used 53802K [0x0000000080000000, 0x0000000100000000)
  region size 1024K, 4 young (4096K), 4 survivors (4096K)
 Metaspace       used 56602K, committed 57280K, reserved 491520K
  class space    used 8086K, committed 8384K, reserved 425984K
}
Event: 22.241 GC heap before
{Heap before GC invocations=19 (full 0):
 garbage-first heap   total 92160K, used 54826K [0x0000000080000000, 0x0000000100000000)
  region size 1024K, 5 young (5120K), 4 survivors (4096K)
 Metaspace       used 56702K, committed 57344K, reserved 491520K
  class space    used 8100K, committed 8384K, reserved 425984K
}
Event: 22.245 GC heap after
{Heap after GC invocations=20 (full 0):
 garbage-first heap   total 92160K, used 54020K [0x0000000080000000, 0x0000000100000000)
  region size 1024K, 1 young (1024K), 1 survivors (1024K)
 Metaspace       used 56702K, committed 57344K, reserved 491520K
  class space    used 8100K, committed 8384K, reserved 425984K
}
Event: 22.677 GC heap before
{Heap before GC invocations=20 (full 0):
 garbage-first heap   total 92160K, used 65284K [0x0000000080000000, 0x0000000100000000)
  region size 1024K, 13 young (13312K), 1 survivors (1024K)
 Metaspace       used 58298K, committed 59008K, reserved 491520K
  class space    used 8313K, committed 8640K, reserved 425984K
}
Event: 22.680 GC heap after
{Heap after GC invocations=21 (full 0):
 garbage-first heap   total 92160K, used 54636K [0x0000000080000000, 0x0000000100000000)
  region size 1024K, 2 young (2048K), 2 survivors (2048K)
 Metaspace       used 58298K, committed 59008K, reserved 491520K
  class space    used 8313K, committed 8640K, reserved 425984K
}
Event: 23.210 GC heap before
{Heap before GC invocations=22 (full 0):
 garbage-first heap   total 109568K, used 84332K [0x0000000080000000, 0x0000000100000000)
  region size 1024K, 23 young (23552K), 2 survivors (2048K)
 Metaspace       used 59957K, committed 60608K, reserved 491520K
  class space    used 8520K, committed 8832K, reserved 425984K
}
Event: 23.214 GC heap after
{Heap after GC invocations=23 (full 0):
 garbage-first heap   total 109568K, used 64866K [0x0000000080000000, 0x0000000100000000)
  region size 1024K, 3 young (3072K), 3 survivors (3072K)
 Metaspace       used 59957K, committed 60608K, reserved 491520K
  class space    used 8520K, committed 8832K, reserved 425984K
}
Event: 23.258 GC heap before
{Heap before GC invocations=23 (full 0):
 garbage-first heap   total 109568K, used 66914K [0x0000000080000000, 0x0000000100000000)
  region size 1024K, 5 young (5120K), 3 survivors (3072K)
 Metaspace       used 60180K, committed 60800K, reserved 491520K
  class space    used 8557K, committed 8832K, reserved 425984K
}
Event: 23.262 GC heap after
{Heap after GC invocations=24 (full 0):
 garbage-first heap   total 109568K, used 64601K [0x0000000080000000, 0x0000000100000000)
  region size 1024K, 1 young (1024K), 1 survivors (1024K)
 Metaspace       used 60180K, committed 60800K, reserved 491520K
  class space    used 8557K, committed 8832K, reserved 425984K
}
Event: 23.712 GC heap before
{Heap before GC invocations=24 (full 0):
 garbage-first heap   total 109568K, used 87129K [0x0000000080000000, 0x0000000100000000)
  region size 1024K, 24 young (24576K), 1 survivors (1024K)
 Metaspace       used 61511K, committed 62208K, reserved 491520K
  class space    used 8738K, committed 9024K, reserved 425984K
}
Event: 23.717 GC heap after
{Heap after GC invocations=25 (full 0):
 garbage-first heap   total 109568K, used 65937K [0x0000000080000000, 0x0000000100000000)
  region size 1024K, 2 young (2048K), 2 survivors (2048K)
 Metaspace       used 61511K, committed 62208K, reserved 491520K
  class space    used 8738K, committed 9024K, reserved 425984K
}

