# JRE version: Java(TM) SE Runtime Environment (17.0.11+7) (build 17.0.11+7-LTS-207)
# Java VM: Java HotSpot(TM) 64-Bit Server VM (17.0.11+7-LTS-207, mixed mode, sharing, tiered, compressed oops, compressed class ptrs, g1 gc, windows-amd64)
GC Precious Log:
 CPUs: 8 total, 8 available
 Memory: 7886M
 Large Page Support: Disabled
 NUMA Support: Disabled
 Compressed Oops: Enabled (32-bit)
 Heap Region Size: 1M
 Heap Min Capacity: 8M
 Heap Initial Capacity: 124M
 Heap Max Capacity: 2G
 Pre-touch: Disabled
 Parallel Workers: 8
 Concurrent Workers: 2
 Concurrent Refinement Workers: 8
 Periodic GC: Disabled
Heap:
 garbage-first heap   total 265216K, used 204470K [0x0000000080000000, 0x0000000100000000)
  region size 1024K, 35 young (35840K), 2 survivors (2048K)
 Metaspace       used 106756K, committed 107840K, reserved 557056K
  class space    used 14989K, committed 15488K, reserved 425984K
GC Heap History (20 events):
Event: 32.479 GC heap before
{Heap before GC invocations=42 (full 0):
 garbage-first heap   total 215040K, used 186525K [0x0000000080000000, 0x0000000100000000)
  region size 1024K, 60 young (61440K), 6 survivors (6144K)
 Metaspace       used 99948K, committed 100928K, reserved 557056K
  class space    used 13996K, committed 14464K, reserved 425984K
}
Event: 32.492 GC heap after
{Heap after GC invocations=43 (full 0):
 garbage-first heap   total 215040K, used 140936K [0x0000000080000000, 0x0000000100000000)
  region size 1024K, 8 young (8192K), 8 survivors (8192K)
 Metaspace       used 99948K, committed 100928K, reserved 557056K
  class space    used 13996K, committed 14464K, reserved 425984K
}
Event: 33.220 GC heap before
{Heap before GC invocations=43 (full 0):
 garbage-first heap   total 215040K, used 181896K [0x0000000080000000, 0x0000000100000000)
  region size 1024K, 48 young (49152K), 8 survivors (8192K)
 Metaspace       used 100856K, committed 101952K, reserved 557056K
  class space    used 14145K, committed 14656K, reserved 425984K
}
Event: 33.229 GC heap after
{Heap after GC invocations=44 (full 0):
 garbage-first heap   total 215040K, used 147054K [0x0000000080000000, 0x0000000100000000)
  region size 1024K, 5 young (5120K), 5 survivors (5120K)
 Metaspace       used 100856K, committed 101952K, reserved 557056K
  class space    used 14145K, committed 14656K, reserved 425984K
}
Event: 33.849 GC heap before
{Heap before GC invocations=44 (full 0):
 garbage-first heap   total 215040K, used 182894K [0x0000000080000000, 0x0000000100000000)
  region size 1024K, 40 young (40960K), 5 survivors (5120K)
 Metaspace       used 102504K, committed 103552K, reserved 557056K
  class space    used 14442K, committed 14912K, reserved 425984K
}
Event: 33.856 GC heap after
{Heap after GC invocations=45 (full 0):
 garbage-first heap   total 215040K, used 149706K [0x0000000080000000, 0x0000000100000000)
  region size 1024K, 3 young (3072K), 3 survivors (3072K)
 Metaspace       used 102504K, committed 103552K, reserved 557056K
  class space    used 14442K, committed 14912K, reserved 425984K
}
Event: 34.332 GC heap before
{Heap before GC invocations=45 (full 0):
 garbage-first heap   total 215040K, used 183498K [0x0000000080000000, 0x0000000100000000)
  region size 1024K, 36 young (36864K), 3 survivors (3072K)
 Metaspace       used 104166K, committed 105280K, reserved 557056K
  class space    used 14682K, committed 15168K, reserved 425984K
}
Event: 34.339 GC heap after
{Heap after GC invocations=46 (full 0):
 garbage-first heap   total 215040K, used 151378K [0x0000000080000000, 0x0000000100000000)
  region size 1024K, 5 young (5120K), 5 survivors (5120K)
 Metaspace       used 104166K, committed 105280K, reserved 557056K
  class space    used 14682K, committed 15168K, reserved 425984K
}
Event: 34.864 GC heap before
{Heap before GC invocations=46 (full 0):
 garbage-first heap   total 215040K, used 184146K [0x0000000080000000, 0x0000000100000000)
  region size 1024K, 37 young (37888K), 5 survivors (5120K)
 Metaspace       used 106100K, committed 107200K, reserved 557056K
  class space    used 14920K, committed 15424K, reserved 425984K
}
Event: 34.871 GC heap after
{Heap after GC invocations=47 (full 0):
 garbage-first heap   total 215040K, used 153343K [0x0000000080000000, 0x0000000100000000)
  region size 1024K, 4 young (4096K), 4 survivors (4096K)
 Metaspace       used 106100K, committed 107200K, reserved 557056K
  class space    used 14920K, committed 15424K, reserved 425984K
}
Event: 35.272 GC heap before
{Heap before GC invocations=47 (full 0):
 garbage-first heap   total 215040K, used 186111K [0x0000000080000000, 0x0000000100000000)
  region size 1024K, 36 young (36864K), 4 survivors (4096K)
 Metaspace       used 106559K, committed 107712K, reserved 557056K
  class space    used 14978K, committed 15488K, reserved 425984K
}
Event: 35.280 GC heap after
{Heap after GC invocations=48 (full 0):
 garbage-first heap   total 215040K, used 158064K [0x0000000080000000, 0x0000000100000000)
  region size 1024K, 5 young (5120K), 5 survivors (5120K)
 Metaspace       used 106559K, committed 107712K, reserved 557056K
  class space    used 14978K, committed 15488K, reserved 425984K
}
Event: 35.526 GC heap before
{Heap before GC invocations=48 (full 0):
 garbage-first heap   total 215040K, used 184688K [0x0000000080000000, 0x0000000100000000)
  region size 1024K, 31 young (31744K), 5 survivors (5120K)
 Metaspace       used 106586K, committed 107712K, reserved 557056K
  class space    used 14979K, committed 15488K, reserved 425984K
}
Event: 35.538 GC heap after
{Heap after GC invocations=49 (full 0):
 garbage-first heap   total 215040K, used 163352K [0x0000000080000000, 0x0000000100000000)
  region size 1024K, 4 young (4096K), 4 survivors (4096K)
 Metaspace       used 106586K, committed 107712K, reserved 557056K
  class space    used 14979K, committed 15488K, reserved 425984K
}
Event: 35.712 GC heap before
{Heap before GC invocations=49 (full 0):
 garbage-first heap   total 215040K, used 184856K [0x0000000080000000, 0x0000000100000000)
  region size 1024K, 25 young (25600K), 4 survivors (4096K)
 Metaspace       used 106605K, committed 107712K, reserved 557056K
  class space    used 14979K, committed 15488K, reserved 425984K
}
Event: 35.721 GC heap after
{Heap after GC invocations=50 (full 0):
 garbage-first heap   total 215040K, used 167816K [0x0000000080000000, 0x0000000100000000)
  region size 1024K, 4 young (4096K), 4 survivors (4096K)
 Metaspace       used 106605K, committed 107712K, reserved 557056K
  class space    used 14979K, committed 15488K, reserved 425984K
}
Event: 36.028 GC heap before
{Heap before GC invocations=50 (full 0):
 garbage-first heap   total 215040K, used 185224K [0x0000000080000000, 0x0000000100000000)
  region size 1024K, 21 young (21504K), 4 survivors (4096K)
 Metaspace       used 106750K, committed 107840K, reserved 557056K
  class space    used 14989K, committed 15488K, reserved 425984K
}
Event: 36.036 GC heap after
{Heap after GC invocations=51 (full 0):
 garbage-first heap   total 215040K, used 170952K [0x0000000080000000, 0x0000000100000000)
  region size 1024K, 3 young (3072K), 3 survivors (3072K)
 Metaspace       used 106750K, committed 107840K, reserved 557056K
  class space    used 14989K, committed 15488K, reserved 425984K
}
Event: 36.270 GC heap before
{Heap before GC invocations=51 (full 0):
 garbage-first heap   total 215040K, used 185288K [0x0000000080000000, 0x0000000100000000)
  region size 1024K, 18 young (18432K), 3 survivors (3072K)
 Metaspace       used 106756K, committed 107840K, reserved 557056K
  class space    used 14989K, committed 15488K, reserved 425984K
}
Event: 36.278 GC heap after
{Heap after GC invocations=52 (full 0):
 garbage-first heap   total 265216K, used 172726K [0x0000000080000000, 0x0000000100000000)
  region size 1024K, 2 young (2048K), 2 survivors (2048K)
 Metaspace       used 106756K, committed 107840K, reserved 557056K
  class space    used 14989K, committed 15488K, reserved 425984K
}

